2023-07-12 08:48:11.703 [INFO ] com.zaxxer.hikari.HikariDataSource.getConnection - HikariPool-1 - Starting...
2023-07-12 08:48:12.223 [INFO ] com.zaxxer.hikari.pool.HikariPool.checkFailFast - HikariPool-1 - Added connection com.mysql.cj.jdbc.ConnectionImpl@ef718de
2023-07-12 08:48:12.227 [INFO ] com.zaxxer.hikari.HikariDataSource.getConnection - HikariPool-1 - Start completed.
2023-07-12 08:48:12.519 [INFO ] com.zaxxer.hikari.HikariDataSource.close - HikariPool-1 - Shutdown initiated...
2023-07-12 08:48:12.543 [INFO ] com.zaxxer.hikari.HikariDataSource.close - HikariPool-1 - Shutdown completed.
2023-07-12 09:32:48.315 [INFO ] com.zaxxer.hikari.HikariDataSource.getConnection - HikariPool-1 - Starting...
2023-07-12 09:32:48.773 [INFO ] com.zaxxer.hikari.pool.HikariPool.checkFailFast - HikariPool-1 - Added connection com.mysql.cj.jdbc.ConnectionImpl@2e1b374c
2023-07-12 09:32:48.779 [INFO ] com.zaxxer.hikari.HikariDataSource.getConnection - HikariPool-1 - Start completed.
2023-07-12 09:32:49.097 [INFO ] com.zaxxer.hikari.HikariDataSource.close - HikariPool-1 - Shutdown initiated...
2023-07-12 09:32:49.123 [INFO ] com.zaxxer.hikari.HikariDataSource.close - HikariPool-1 - Shutdown completed.
2023-07-12 09:59:27.258 [INFO ] com.zaxxer.hikari.HikariDataSource.getConnection - HikariPool-1 - Starting...
2023-07-12 09:59:27.750 [INFO ] com.zaxxer.hikari.pool.HikariPool.checkFailFast - HikariPool-1 - Added connection com.mysql.cj.jdbc.ConnectionImpl@7793ad58
2023-07-12 09:59:27.755 [INFO ] com.zaxxer.hikari.HikariDataSource.getConnection - HikariPool-1 - Start completed.
2023-07-12 09:59:28.089 [INFO ] com.zaxxer.hikari.HikariDataSource.close - HikariPool-1 - Shutdown initiated...
2023-07-12 09:59:28.113 [INFO ] com.zaxxer.hikari.HikariDataSource.close - HikariPool-1 - Shutdown completed.
2023-07-12 09:59:57.709 [INFO ] com.zaxxer.hikari.HikariDataSource.getConnection - HikariPool-1 - Starting...
2023-07-12 09:59:58.231 [INFO ] com.zaxxer.hikari.pool.HikariPool.checkFailFast - HikariPool-1 - Added connection com.mysql.cj.jdbc.ConnectionImpl@4640195a
2023-07-12 09:59:58.235 [INFO ] com.zaxxer.hikari.HikariDataSource.getConnection - HikariPool-1 - Start completed.
2023-07-12 09:59:58.728 [INFO ] com.zaxxer.hikari.HikariDataSource.close - HikariPool-1 - Shutdown initiated...
2023-07-12 09:59:58.762 [INFO ] com.zaxxer.hikari.HikariDataSource.close - HikariPool-1 - Shutdown completed.
2023-07-12 10:31:19.021 [INFO ] com.zaxxer.hikari.HikariDataSource.getConnection - HikariPool-1 - Starting...
2023-07-12 10:31:19.499 [INFO ] com.zaxxer.hikari.pool.HikariPool.checkFailFast - HikariPool-1 - Added connection com.mysql.cj.jdbc.ConnectionImpl@58ae402b
2023-07-12 10:31:19.502 [INFO ] com.zaxxer.hikari.HikariDataSource.getConnection - HikariPool-1 - Start completed.
2023-07-12 10:31:19.792 [INFO ] com.zaxxer.hikari.HikariDataSource.close - HikariPool-1 - Shutdown initiated...
2023-07-12 10:31:19.818 [INFO ] com.zaxxer.hikari.HikariDataSource.close - HikariPool-1 - Shutdown completed.
2023-07-12 10:44:54.028 [INFO ] com.zaxxer.hikari.HikariDataSource.getConnection - HikariPool-1 - Starting...
2023-07-12 10:44:54.577 [INFO ] com.zaxxer.hikari.pool.HikariPool.checkFailFast - HikariPool-1 - Added connection com.mysql.cj.jdbc.ConnectionImpl@3728a578
2023-07-12 10:44:54.581 [INFO ] com.zaxxer.hikari.HikariDataSource.getConnection - HikariPool-1 - Start completed.
2023-07-12 10:44:54.877 [INFO ] com.zaxxer.hikari.HikariDataSource.close - HikariPool-1 - Shutdown initiated...
2023-07-12 10:44:54.901 [INFO ] com.zaxxer.hikari.HikariDataSource.close - HikariPool-1 - Shutdown completed.
2023-07-12 10:45:36.545 [INFO ] com.zaxxer.hikari.HikariDataSource.getConnection - HikariPool-1 - Starting...
2023-07-12 10:45:37.146 [INFO ] com.zaxxer.hikari.pool.HikariPool.checkFailFast - HikariPool-1 - Added connection com.mysql.cj.jdbc.ConnectionImpl@5e0ec41f
2023-07-12 10:45:37.154 [INFO ] com.zaxxer.hikari.HikariDataSource.getConnection - HikariPool-1 - Start completed.
2023-07-12 10:45:37.444 [INFO ] com.zaxxer.hikari.HikariDataSource.close - HikariPool-1 - Shutdown initiated...
2023-07-12 10:45:37.467 [INFO ] com.zaxxer.hikari.HikariDataSource.close - HikariPool-1 - Shutdown completed.
2023-07-12 10:48:51.603 [INFO ] com.zaxxer.hikari.HikariDataSource.getConnection - HikariPool-1 - Starting...
2023-07-12 10:48:52.176 [INFO ] com.zaxxer.hikari.pool.HikariPool.checkFailFast - HikariPool-1 - Added connection com.mysql.cj.jdbc.ConnectionImpl@7f287b98
2023-07-12 10:48:52.179 [INFO ] com.zaxxer.hikari.HikariDataSource.getConnection - HikariPool-1 - Start completed.
2023-07-12 10:48:53.225 [INFO ] com.zaxxer.hikari.HikariDataSource.close - HikariPool-1 - Shutdown initiated...
2023-07-12 10:48:53.251 [INFO ] com.zaxxer.hikari.HikariDataSource.close - HikariPool-1 - Shutdown completed.
2023-07-12 10:50:22.042 [INFO ] com.zaxxer.hikari.HikariDataSource.getConnection - HikariPool-1 - Starting...
2023-07-12 10:50:22.523 [INFO ] com.zaxxer.hikari.pool.HikariPool.checkFailFast - HikariPool-1 - Added connection com.mysql.cj.jdbc.ConnectionImpl@553da911
2023-07-12 10:50:22.526 [INFO ] com.zaxxer.hikari.HikariDataSource.getConnection - HikariPool-1 - Start completed.
2023-07-12 10:50:23.407 [INFO ] com.zaxxer.hikari.HikariDataSource.close - HikariPool-1 - Shutdown initiated...
2023-07-12 10:50:23.425 [INFO ] com.zaxxer.hikari.HikariDataSource.close - HikariPool-1 - Shutdown completed.
2023-07-12 15:14:22.675 [INFO ] com.zaxxer.hikari.HikariDataSource.getConnection - HikariPool-1 - Starting...
2023-07-12 15:14:23.207 [INFO ] com.zaxxer.hikari.pool.HikariPool.checkFailFast - HikariPool-1 - Added connection com.mysql.cj.jdbc.ConnectionImpl@24f870ee
2023-07-12 15:14:23.223 [INFO ] com.zaxxer.hikari.HikariDataSource.getConnection - HikariPool-1 - Start completed.
2023-07-12 15:14:23.905 [INFO ] com.zaxxer.hikari.HikariDataSource.close - HikariPool-1 - Shutdown initiated...
2023-07-12 15:14:23.937 [INFO ] com.zaxxer.hikari.HikariDataSource.close - HikariPool-1 - Shutdown completed.
2023-07-12 15:15:48.610 [INFO ] com.zaxxer.hikari.HikariDataSource.getConnection - HikariPool-1 - Starting...
2023-07-12 15:15:49.141 [INFO ] com.zaxxer.hikari.pool.HikariPool.checkFailFast - HikariPool-1 - Added connection com.mysql.cj.jdbc.ConnectionImpl@1886991b
2023-07-12 15:15:49.141 [INFO ] com.zaxxer.hikari.HikariDataSource.getConnection - HikariPool-1 - Start completed.
2023-07-12 15:15:49.674 [INFO ] com.zaxxer.hikari.HikariDataSource.close - HikariPool-1 - Shutdown initiated...
2023-07-12 15:15:49.690 [INFO ] com.zaxxer.hikari.HikariDataSource.close - HikariPool-1 - Shutdown completed.
2023-07-12 18:46:29.917 [INFO ] com.zaxxer.hikari.HikariDataSource.getConnection - HikariPool-1 - Starting...
2023-07-12 18:46:30.445 [INFO ] com.zaxxer.hikari.pool.HikariPool.checkFailFast - HikariPool-1 - Added connection com.mysql.cj.jdbc.ConnectionImpl@1886991b
2023-07-12 18:46:30.448 [INFO ] com.zaxxer.hikari.HikariDataSource.getConnection - HikariPool-1 - Start completed.
2023-07-12 18:46:30.755 [INFO ] com.zaxxer.hikari.HikariDataSource.close - HikariPool-1 - Shutdown initiated...
2023-07-12 18:46:30.783 [INFO ] com.zaxxer.hikari.HikariDataSource.close - HikariPool-1 - Shutdown completed.
2023-07-12 18:47:31.353 [INFO ] com.zaxxer.hikari.HikariDataSource.getConnection - HikariPool-1 - Starting...
2023-07-12 18:47:31.940 [INFO ] com.zaxxer.hikari.pool.HikariPool.checkFailFast - HikariPool-1 - Added connection com.mysql.cj.jdbc.ConnectionImpl@3bbf6abe
2023-07-12 18:47:31.943 [INFO ] com.zaxxer.hikari.HikariDataSource.getConnection - HikariPool-1 - Start completed.
2023-07-12 18:47:32.264 [INFO ] com.zaxxer.hikari.HikariDataSource.close - HikariPool-1 - Shutdown initiated...
2023-07-12 18:47:32.297 [INFO ] com.zaxxer.hikari.HikariDataSource.close - HikariPool-1 - Shutdown completed.
2023-07-12 20:46:49.770 [INFO ] com.zaxxer.hikari.HikariDataSource.getConnection - HikariPool-1 - Starting...
2023-07-12 20:46:50.293 [INFO ] com.zaxxer.hikari.pool.HikariPool.checkFailFast - HikariPool-1 - Added connection com.mysql.cj.jdbc.ConnectionImpl@17229821
2023-07-12 20:46:50.299 [INFO ] com.zaxxer.hikari.HikariDataSource.getConnection - HikariPool-1 - Start completed.
2023-07-12 20:46:50.651 [INFO ] com.zaxxer.hikari.HikariDataSource.close - HikariPool-1 - Shutdown initiated...
2023-07-12 20:46:50.678 [INFO ] com.zaxxer.hikari.HikariDataSource.close - HikariPool-1 - Shutdown completed.
2023-07-12 20:47:38.507 [INFO ] com.zaxxer.hikari.HikariDataSource.getConnection - HikariPool-1 - Starting...
2023-07-12 20:47:39.127 [INFO ] com.zaxxer.hikari.pool.HikariPool.checkFailFast - HikariPool-1 - Added connection com.mysql.cj.jdbc.ConnectionImpl@49e2b3c5
2023-07-12 20:47:39.130 [INFO ] com.zaxxer.hikari.HikariDataSource.getConnection - HikariPool-1 - Start completed.
2023-07-12 20:47:39.486 [INFO ] com.zaxxer.hikari.HikariDataSource.close - HikariPool-1 - Shutdown initiated...
2023-07-12 20:47:39.508 [INFO ] com.zaxxer.hikari.HikariDataSource.close - HikariPool-1 - Shutdown completed.
2023-07-12 20:49:34.034 [INFO ] com.zaxxer.hikari.HikariDataSource.getConnection - HikariPool-1 - Starting...
2023-07-12 20:49:34.494 [INFO ] com.zaxxer.hikari.pool.HikariPool.checkFailFast - HikariPool-1 - Added connection com.mysql.cj.jdbc.ConnectionImpl@6f5e16cf
2023-07-12 20:49:34.501 [INFO ] com.zaxxer.hikari.HikariDataSource.getConnection - HikariPool-1 - Start completed.
2023-07-12 20:49:34.974 [INFO ] com.zaxxer.hikari.HikariDataSource.close - HikariPool-1 - Shutdown initiated...
2023-07-12 20:49:35.003 [INFO ] com.zaxxer.hikari.HikariDataSource.close - HikariPool-1 - Shutdown completed.
2023-07-12 20:53:25.675 [INFO ] com.zaxxer.hikari.HikariDataSource.getConnection - HikariPool-1 - Starting...
2023-07-12 20:53:26.326 [INFO ] com.zaxxer.hikari.pool.HikariPool.checkFailFast - HikariPool-1 - Added connection com.mysql.cj.jdbc.ConnectionImpl@750a04ec
2023-07-12 20:53:26.330 [INFO ] com.zaxxer.hikari.HikariDataSource.getConnection - HikariPool-1 - Start completed.
2023-07-12 20:53:26.728 [INFO ] com.zaxxer.hikari.HikariDataSource.close - HikariPool-1 - Shutdown initiated...
2023-07-12 20:53:26.756 [INFO ] com.zaxxer.hikari.HikariDataSource.close - HikariPool-1 - Shutdown completed.
2023-07-12 20:55:51.581 [INFO ] com.zaxxer.hikari.HikariDataSource.getConnection - HikariPool-1 - Starting...
2023-07-12 20:55:52.075 [INFO ] com.zaxxer.hikari.pool.HikariPool.checkFailFast - HikariPool-1 - Added connection com.mysql.cj.jdbc.ConnectionImpl@49e2b3c5
2023-07-12 20:55:52.079 [INFO ] com.zaxxer.hikari.HikariDataSource.getConnection - HikariPool-1 - Start completed.
2023-07-12 20:55:52.439 [INFO ] com.zaxxer.hikari.HikariDataSource.close - HikariPool-1 - Shutdown initiated...
2023-07-12 20:55:52.462 [INFO ] com.zaxxer.hikari.HikariDataSource.close - HikariPool-1 - Shutdown completed.
2023-07-13 10:39:38.819 [INFO ] com.zaxxer.hikari.HikariDataSource.getConnection - HikariPool-1 - Starting...
2023-07-13 10:39:39.918 [INFO ] com.zaxxer.hikari.pool.HikariPool.checkFailFast - HikariPool-1 - Added connection com.mysql.cj.jdbc.ConnectionImpl@202ae86f
2023-07-13 10:39:39.933 [INFO ] com.zaxxer.hikari.HikariDataSource.getConnection - HikariPool-1 - Start completed.
2023-07-13 10:40:04.124 [INFO ] com.zaxxer.hikari.HikariDataSource.close - HikariPool-1 - Shutdown initiated...
2023-07-13 10:40:04.171 [INFO ] com.zaxxer.hikari.HikariDataSource.close - HikariPool-1 - Shutdown completed.
2023-07-13 10:43:35.736 [INFO ] com.zaxxer.hikari.HikariDataSource.getConnection - HikariPool-1 - Starting...
2023-07-13 10:43:36.764 [INFO ] com.zaxxer.hikari.pool.HikariPool.checkFailFast - HikariPool-1 - Added connection com.mysql.cj.jdbc.ConnectionImpl@4e3e11b9
2023-07-13 10:43:36.780 [INFO ] com.zaxxer.hikari.HikariDataSource.getConnection - HikariPool-1 - Start completed.
2023-07-13 10:43:50.153 [INFO ] com.zaxxer.hikari.HikariDataSource.close - HikariPool-1 - Shutdown initiated...
2023-07-13 10:43:50.172 [INFO ] com.zaxxer.hikari.HikariDataSource.close - HikariPool-1 - Shutdown completed.
2023-07-13 15:53:03.844 [INFO ] com.zaxxer.hikari.HikariDataSource.getConnection - HikariPool-1 - Starting...
2023-07-13 15:53:04.385 [INFO ] com.zaxxer.hikari.pool.HikariPool.checkFailFast - HikariPool-1 - Added connection com.mysql.cj.jdbc.ConnectionImpl@1cf0cacc
2023-07-13 15:53:04.390 [INFO ] com.zaxxer.hikari.HikariDataSource.getConnection - HikariPool-1 - Start completed.
2023-07-13 15:53:04.850 [INFO ] com.zaxxer.hikari.HikariDataSource.close - HikariPool-1 - Shutdown initiated...
2023-07-13 15:53:04.876 [INFO ] com.zaxxer.hikari.HikariDataSource.close - HikariPool-1 - Shutdown completed.
2023-07-13 15:54:46.244 [INFO ] com.zaxxer.hikari.HikariDataSource.getConnection - HikariPool-1 - Starting...
2023-07-13 15:54:46.803 [INFO ] com.zaxxer.hikari.pool.HikariPool.checkFailFast - HikariPool-1 - Added connection com.mysql.cj.jdbc.ConnectionImpl@44ed0a8f
2023-07-13 15:54:46.809 [INFO ] com.zaxxer.hikari.HikariDataSource.getConnection - HikariPool-1 - Start completed.
2023-07-13 15:54:47.264 [INFO ] com.zaxxer.hikari.HikariDataSource.close - HikariPool-1 - Shutdown initiated...
2023-07-13 15:54:47.289 [INFO ] com.zaxxer.hikari.HikariDataSource.close - HikariPool-1 - Shutdown completed.
2023-07-13 16:02:20.697 [INFO ] com.zaxxer.hikari.HikariDataSource.getConnection - HikariPool-1 - Starting...
2023-07-13 16:02:21.200 [INFO ] com.zaxxer.hikari.pool.HikariPool.checkFailFast - HikariPool-1 - Added connection com.mysql.cj.jdbc.ConnectionImpl@1fdca564
2023-07-13 16:02:21.203 [INFO ] com.zaxxer.hikari.HikariDataSource.getConnection - HikariPool-1 - Start completed.
2023-07-13 16:02:21.663 [INFO ] com.zaxxer.hikari.HikariDataSource.close - HikariPool-1 - Shutdown initiated...
2023-07-13 16:02:21.689 [INFO ] com.zaxxer.hikari.HikariDataSource.close - HikariPool-1 - Shutdown completed.
2023-07-13 16:03:23.107 [INFO ] com.zaxxer.hikari.HikariDataSource.getConnection - HikariPool-1 - Starting...
2023-07-13 16:03:23.678 [INFO ] com.zaxxer.hikari.pool.HikariPool.checkFailFast - HikariPool-1 - Added connection com.mysql.cj.jdbc.ConnectionImpl@1d12e953
2023-07-13 16:03:23.683 [INFO ] com.zaxxer.hikari.HikariDataSource.getConnection - HikariPool-1 - Start completed.
2023-07-13 16:03:24.612 [INFO ] com.zaxxer.hikari.HikariDataSource.close - HikariPool-1 - Shutdown initiated...
2023-07-13 16:03:24.630 [INFO ] com.zaxxer.hikari.HikariDataSource.close - HikariPool-1 - Shutdown completed.
2023-07-13 16:27:47.742 [INFO ] com.zaxxer.hikari.HikariDataSource.getConnection - HikariPool-1 - Starting...
2023-07-13 16:27:48.308 [INFO ] com.zaxxer.hikari.pool.HikariPool.checkFailFast - HikariPool-1 - Added connection com.mysql.cj.jdbc.ConnectionImpl@4b515eab
2023-07-13 16:27:48.311 [INFO ] com.zaxxer.hikari.HikariDataSource.getConnection - HikariPool-1 - Start completed.
2023-07-13 16:27:48.674 [INFO ] com.zaxxer.hikari.HikariDataSource.close - HikariPool-1 - Shutdown initiated...
2023-07-13 16:27:48.698 [INFO ] com.zaxxer.hikari.HikariDataSource.close - HikariPool-1 - Shutdown completed.
2023-07-13 19:10:53.608 [INFO ] com.zaxxer.hikari.HikariDataSource.getConnection - HikariPool-1 - Starting...
2023-07-13 19:10:54.162 [INFO ] com.zaxxer.hikari.pool.HikariPool.checkFailFast - HikariPool-1 - Added connection com.mysql.cj.jdbc.ConnectionImpl@1cf0cacc
2023-07-13 19:10:54.169 [INFO ] com.zaxxer.hikari.HikariDataSource.getConnection - HikariPool-1 - Start completed.
2023-07-13 19:10:54.617 [INFO ] com.zaxxer.hikari.HikariDataSource.close - HikariPool-1 - Shutdown initiated...
2023-07-13 19:10:54.642 [INFO ] com.zaxxer.hikari.HikariDataSource.close - HikariPool-1 - Shutdown completed.
2023-07-13 19:12:02.177 [INFO ] com.zaxxer.hikari.HikariDataSource.getConnection - HikariPool-1 - Starting...
2023-07-13 19:12:02.792 [INFO ] com.zaxxer.hikari.pool.HikariPool.checkFailFast - HikariPool-1 - Added connection com.mysql.cj.jdbc.ConnectionImpl@20d87335
2023-07-13 19:12:02.796 [INFO ] com.zaxxer.hikari.HikariDataSource.getConnection - HikariPool-1 - Start completed.
2023-07-13 19:12:03.818 [INFO ] com.zaxxer.hikari.HikariDataSource.close - HikariPool-1 - Shutdown initiated...
2023-07-13 19:12:03.841 [INFO ] com.zaxxer.hikari.HikariDataSource.close - HikariPool-1 - Shutdown completed.
2023-07-14 11:19:10.313 [INFO ] com.zaxxer.hikari.HikariDataSource.getConnection - HikariPool-1 - Starting...
2023-07-14 11:19:10.868 [INFO ] com.zaxxer.hikari.pool.HikariPool.checkFailFast - HikariPool-1 - Added connection com.mysql.cj.jdbc.ConnectionImpl@59bbe88a
2023-07-14 11:19:10.873 [INFO ] com.zaxxer.hikari.HikariDataSource.getConnection - HikariPool-1 - Start completed.
2023-07-14 11:19:11.247 [INFO ] com.zaxxer.hikari.HikariDataSource.close - HikariPool-1 - Shutdown initiated...
2023-07-14 11:19:11.273 [INFO ] com.zaxxer.hikari.HikariDataSource.close - HikariPool-1 - Shutdown completed.
2023-07-14 19:43:49.018 [INFO ] com.zaxxer.hikari.HikariDataSource.getConnection - HikariPool-1 - Starting...
2023-07-14 19:43:49.669 [INFO ] com.zaxxer.hikari.pool.HikariPool.checkFailFast - HikariPool-1 - Added connection com.mysql.cj.jdbc.ConnectionImpl@1cf336fd
2023-07-14 19:43:49.674 [INFO ] com.zaxxer.hikari.HikariDataSource.getConnection - HikariPool-1 - Start completed.
2023-07-14 19:43:50.304 [INFO ] com.zaxxer.hikari.HikariDataSource.close - HikariPool-1 - Shutdown initiated...
2023-07-14 19:43:50.353 [INFO ] com.zaxxer.hikari.HikariDataSource.close - HikariPool-1 - Shutdown completed.
2023-07-14 19:44:24.182 [INFO ] com.zaxxer.hikari.HikariDataSource.getConnection - HikariPool-1 - Starting...
2023-07-14 19:44:24.695 [INFO ] com.zaxxer.hikari.pool.HikariPool.checkFailFast - HikariPool-1 - Added connection com.mysql.cj.jdbc.ConnectionImpl@6fc0bbc6
2023-07-14 19:44:24.697 [INFO ] com.zaxxer.hikari.HikariDataSource.getConnection - HikariPool-1 - Start completed.
2023-07-14 19:44:24.983 [INFO ] com.zaxxer.hikari.HikariDataSource.close - HikariPool-1 - Shutdown initiated...
2023-07-14 19:44:25.032 [INFO ] com.zaxxer.hikari.HikariDataSource.close - HikariPool-1 - Shutdown completed.
2023-07-14 19:44:42.938 [INFO ] com.zaxxer.hikari.HikariDataSource.getConnection - HikariPool-1 - Starting...
2023-07-14 19:44:43.516 [INFO ] com.zaxxer.hikari.pool.HikariPool.checkFailFast - HikariPool-1 - Added connection com.mysql.cj.jdbc.ConnectionImpl@2cca611f
2023-07-14 19:44:43.520 [INFO ] com.zaxxer.hikari.HikariDataSource.getConnection - HikariPool-1 - Start completed.
2023-07-14 19:44:43.799 [INFO ] com.zaxxer.hikari.HikariDataSource.close - HikariPool-1 - Shutdown initiated...
2023-07-14 19:44:43.833 [INFO ] com.zaxxer.hikari.HikariDataSource.close - HikariPool-1 - Shutdown completed.
2023-07-14 19:46:24.360 [INFO ] com.zaxxer.hikari.HikariDataSource.getConnection - HikariPool-1 - Starting...
2023-07-14 19:46:24.888 [INFO ] com.zaxxer.hikari.pool.HikariPool.checkFailFast - HikariPool-1 - Added connection com.mysql.cj.jdbc.ConnectionImpl@2cca611f
2023-07-14 19:46:24.894 [INFO ] com.zaxxer.hikari.HikariDataSource.getConnection - HikariPool-1 - Start completed.
2023-07-14 19:46:25.236 [INFO ] com.zaxxer.hikari.HikariDataSource.close - HikariPool-1 - Shutdown initiated...
2023-07-14 19:46:25.271 [INFO ] com.zaxxer.hikari.HikariDataSource.close - HikariPool-1 - Shutdown completed.
2023-07-14 19:47:09.296 [INFO ] com.zaxxer.hikari.HikariDataSource.getConnection - HikariPool-1 - Starting...
2023-07-14 19:47:09.812 [INFO ] com.zaxxer.hikari.pool.HikariPool.checkFailFast - HikariPool-1 - Added connection com.mysql.cj.jdbc.ConnectionImpl@2cca611f
2023-07-14 19:47:09.816 [INFO ] com.zaxxer.hikari.HikariDataSource.getConnection - HikariPool-1 - Start completed.
2023-07-14 19:47:10.173 [INFO ] com.zaxxer.hikari.HikariDataSource.close - HikariPool-1 - Shutdown initiated...
2023-07-14 19:47:10.200 [INFO ] com.zaxxer.hikari.HikariDataSource.close - HikariPool-1 - Shutdown completed.
2023-07-15 16:54:00.462 [INFO ] com.zaxxer.hikari.HikariDataSource.getConnection - HikariPool-1 - Starting...
2023-07-15 16:54:00.682 [INFO ] com.zaxxer.hikari.pool.HikariPool.checkFailFast - HikariPool-1 - Added connection com.mysql.cj.jdbc.ConnectionImpl@7c0f28f8
2023-07-15 16:54:00.684 [INFO ] com.zaxxer.hikari.HikariDataSource.getConnection - HikariPool-1 - Start completed.
2023-07-15 16:54:00.859 [INFO ] com.zaxxer.hikari.HikariDataSource.close - HikariPool-1 - Shutdown initiated...
2023-07-15 16:54:00.871 [INFO ] com.zaxxer.hikari.HikariDataSource.close - HikariPool-1 - Shutdown completed.
2023-07-15 17:11:25.446 [INFO ] com.zaxxer.hikari.HikariDataSource.getConnection - HikariPool-1 - Starting...
2023-07-15 17:11:25.657 [INFO ] com.zaxxer.hikari.pool.HikariPool.checkFailFast - HikariPool-1 - Added connection com.mysql.cj.jdbc.ConnectionImpl@467b0f6e
2023-07-15 17:11:25.660 [INFO ] com.zaxxer.hikari.HikariDataSource.getConnection - HikariPool-1 - Start completed.
2023-07-15 17:11:25.799 [INFO ] com.zaxxer.hikari.HikariDataSource.close - HikariPool-1 - Shutdown initiated...
2023-07-15 17:11:25.810 [INFO ] com.zaxxer.hikari.HikariDataSource.close - HikariPool-1 - Shutdown completed.
2023-07-15 17:17:21.231 [INFO ] com.zaxxer.hikari.HikariDataSource.getConnection - HikariPool-1 - Starting...
2023-07-15 17:17:21.524 [INFO ] com.zaxxer.hikari.pool.HikariPool.checkFailFast - HikariPool-1 - Added connection com.mysql.cj.jdbc.ConnectionImpl@7e1ffe70
2023-07-15 17:17:21.528 [INFO ] com.zaxxer.hikari.HikariDataSource.getConnection - HikariPool-1 - Start completed.
2023-07-15 17:17:21.692 [INFO ] com.zaxxer.hikari.HikariDataSource.close - HikariPool-1 - Shutdown initiated...
2023-07-15 17:17:21.705 [INFO ] com.zaxxer.hikari.HikariDataSource.close - HikariPool-1 - Shutdown completed.
2023-07-16 15:34:34.195 [INFO ] com.zaxxer.hikari.HikariDataSource.getConnection - HikariPool-1 - Starting...
2023-07-16 15:34:34.415 [INFO ] com.zaxxer.hikari.pool.HikariPool.checkFailFast - HikariPool-1 - Added connection com.mysql.cj.jdbc.ConnectionImpl@3443e476
2023-07-16 15:34:34.418 [INFO ] com.zaxxer.hikari.HikariDataSource.getConnection - HikariPool-1 - Start completed.
2023-07-16 15:34:34.648 [INFO ] com.zaxxer.hikari.HikariDataSource.close - HikariPool-1 - Shutdown initiated...
2023-07-16 15:34:34.663 [INFO ] com.zaxxer.hikari.HikariDataSource.close - HikariPool-1 - Shutdown completed.
2023-07-16 15:36:51.146 [INFO ] com.zaxxer.hikari.HikariDataSource.getConnection - HikariPool-1 - Starting...
2023-07-16 15:36:51.363 [INFO ] com.zaxxer.hikari.pool.HikariPool.checkFailFast - HikariPool-1 - Added connection com.mysql.cj.jdbc.ConnectionImpl@4da1f38a
2023-07-16 15:36:51.366 [INFO ] com.zaxxer.hikari.HikariDataSource.getConnection - HikariPool-1 - Start completed.
2023-07-16 15:36:51.818 [INFO ] com.zaxxer.hikari.HikariDataSource.close - HikariPool-1 - Shutdown initiated...
2023-07-16 15:36:51.830 [INFO ] com.zaxxer.hikari.HikariDataSource.close - HikariPool-1 - Shutdown completed.
